Flutter crash report.
Please report a bug at https://github.com/flutter/flutter/issues.

## command

flutter run

## exception

DartDevelopmentServiceException: DartDevelopmentServiceException: Failed to start Dart Development Service

```
```

## flutter doctor

```
[32m[✓][39m Flutter (Channel stable, 3.35.6, on Microsoft Windows [version
    10.0.26100.7171], locale fr-FR) [708ms]
    [32m•[39m Flutter version 3.35.6 on channel stable at
      C:\src\flutter\flutter_windows_3.35.6-stable\flutter
    [32m•[39m Upstream repository https://github.com/flutter/flutter.git
    [32m•[39m Framework revision 9f455d2486 (2 months ago), 2025-10-08
      14:55:31 -0500
    [32m•[39m Engine revision d2913632a4
    [32m•[39m Dart version 3.9.2
    [32m•[39m DevTools version 2.48.0
    [32m•[39m Feature flags: enable-web, enable-linux-desktop,
      enable-macos-desktop, enable-windows-desktop, enable-android,
      enable-ios, cli-animations, enable-lldb-debugging

[32m[✓][39m Windows Version (11 Famille 64-bit, 24H2, 2009) [2,5s]

[33m[!][39m Android toolchain - develop for Android devices (Android SDK
    version 36.1.0) [926ms]
    [32m•[39m Android SDK at C:\Users\guedd\AppData\Local\Android\sdk
    [32m•[39m Emulator version 36.2.12.0 (build_id 14214601) (CL:N/A)
    [31m✗[39m cmdline-tools component is missing.
      Try installing or updating Android Studio.
      Alternatively, download the tools from
      https://developer.android.com/studio#command-line-tools-only
      and make sure to set the ANDROID_HOME environment variable.
      See https://developer.android.com/studio/command-line for more
      details.
    [31m✗[39m Android license status unknown.
      Run `flutter doctor --android-licenses` to accept the SDK
      licenses.
      See https://flutter.dev/to/windows-android-setup for more
      details.

[32m[✓][39m Chrome - develop for the web [19ms]
    [32m•[39m Chrome at C:\Program Files\Google\Chrome\Application\chrome.exe

[31m[✗][39m Visual Studio - develop Windows apps [17ms]
    [31m✗[39m Visual Studio not installed; this is necessary to develop
      Windows apps.
      Download at https://visualstudio.microsoft.com/downloads/.
      Please install the "Desktop development with C++" workload,
      including all of its default components

[32m[✓][39m Android Studio (version 2025.1.4) [10ms]
    [32m•[39m Android Studio at C:\Program Files\Android\Android Studio
    [32m•[39m Flutter plugin can be installed from:
      🔨 https://plugins.jetbrains.com/plugin/9212-flutter
    [32m•[39m Dart plugin can be installed from:
      🔨 https://plugins.jetbrains.com/plugin/6351-dart
    [32m•[39m Java version OpenJDK Runtime Environment (build
      21.0.8+-14018985-b1038.68)

[32m[✓][39m VS Code (version 1.107.1) [7ms]
    [32m•[39m VS Code at C:\Users\guedd\AppData\Local\Programs\Microsoft VS
      Code
    [32m•[39m Flutter extension version 3.124.0

[32m[✓][39m Connected device (3 available) [377ms]
    [32m•[39m Windows (desktop) • windows • windows-x64    • Microsoft
      Windows [version 10.0.26100.7171]
    [32m•[39m Chrome (web)      • chrome  • web-javascript • Google Chrome
      143.0.7499.40
    [32m•[39m Edge (web)        • edge    • web-javascript • Microsoft Edge
      143.0.3650.96

[32m[✓][39m Network resources [866ms]
    [32m•[39m All expected network resources are available.

[33m![39m Doctor found issues in 2 categories.
```
